Determining if the pthread_create exist failed with the following output:
Change Dir: /opt/tar/ethminer/build/CMakeFiles/CMakeTmp

Run Build Command:"/bin/gmake" "cmTC_e1929/fast"
/bin/gmake -f CMakeFiles/cmTC_e1929.dir/build.make CMakeFiles/cmTC_e1929.dir/build
gmake[1]: Entering directory `/opt/tar/ethminer/build/CMakeFiles/CMakeTmp'
Building C object CMakeFiles/cmTC_e1929.dir/CheckSymbolExists.c.o
/bin/cc     -o CMakeFiles/cmTC_e1929.dir/CheckSymbolExists.c.o   -c /opt/tar/ethminer/build/CMakeFiles/CMakeTmp/CheckSymbolExists.c
Linking C executable cmTC_e1929
/usr/bin/cmake3 -E cmake_link_script CMakeFiles/cmTC_e1929.dir/link.txt --verbose=1
/bin/cc       CMakeFiles/cmTC_e1929.dir/CheckSymbolExists.c.o  -o cmTC_e1929 -rdynamic 
CMakeFiles/cmTC_e1929.dir/CheckSymbolExists.c.o: In function `main':
CheckSymbolExists.c:(.text+0x16): undefined reference to `pthread_create'
collect2: error: ld returned 1 exit status
gmake[1]: *** [cmTC_e1929] Error 1
gmake[1]: Leaving directory `/opt/tar/ethminer/build/CMakeFiles/CMakeTmp'
gmake: *** [cmTC_e1929/fast] Error 2

File /opt/tar/ethminer/build/CMakeFiles/CMakeTmp/CheckSymbolExists.c:
/* */
#include <pthread.h>

int main(int argc, char** argv)
{
  (void)argv;
#ifndef pthread_create
  return ((int*)(&pthread_create))[argc];
#else
  (void)argc;
  return 0;
#endif
}

Determining if the function pthread_create exists in the pthreads failed with the following output:
Change Dir: /opt/tar/ethminer/build/CMakeFiles/CMakeTmp

Run Build Command:"/bin/gmake" "cmTC_d13bb/fast"
/bin/gmake -f CMakeFiles/cmTC_d13bb.dir/build.make CMakeFiles/cmTC_d13bb.dir/build
gmake[1]: Entering directory `/opt/tar/ethminer/build/CMakeFiles/CMakeTmp'
Building C object CMakeFiles/cmTC_d13bb.dir/CheckFunctionExists.c.o
/bin/cc    -DCHECK_FUNCTION_EXISTS=pthread_create   -o CMakeFiles/cmTC_d13bb.dir/CheckFunctionExists.c.o   -c /usr/share/cmake3/Modules/CheckFunctionExists.c
Linking C executable cmTC_d13bb
/usr/bin/cmake3 -E cmake_link_script CMakeFiles/cmTC_d13bb.dir/link.txt --verbose=1
/bin/cc   -DCHECK_FUNCTION_EXISTS=pthread_create    CMakeFiles/cmTC_d13bb.dir/CheckFunctionExists.c.o  -o cmTC_d13bb -rdynamic -lpthreads 
/bin/ld: cannot find -lpthreads
collect2: error: ld returned 1 exit status
gmake[1]: *** [cmTC_d13bb] Error 1
gmake[1]: Leaving directory `/opt/tar/ethminer/build/CMakeFiles/CMakeTmp'
gmake: *** [cmTC_d13bb/fast] Error 2


